[2026-02-19T08:49:01.807Z] [LOG] [Bl]: Saving settings to disk: {
  "release": {
    "channel": "stable"
  },
  "sharedFolders": [
    {
      "path": "Exhibitionist Priest",
      "guid": "0f8c49e0-c43c-441b-9b17-5f23457faa85",
      "relay": "c4c85ea1-b405-44d6-8561-1b4f1da5211c",
      "sync": {
        "images": true,
        "audio": true,
        "videos": true,
        "pdfs": true,
        "otherTypes": false
      }
    }
  ],
  "endpoints": {},
  "enableDocumentStatus": false,
  "enableNewLinkFormat": false,
  "enableDeltaLogging": false,
  "enableDocumentHistory": false,
  "enableEditorTweens": false,
  "enableNetworkLogging": false,
  "enableCanvasSync": false,
  "enableVerifyUploads": false,
  "enableAutomaticDiffResolution": true,
  "enableDiscordLogin": false,
  "enableSelfManageHosts": true,
  "enableToasts": true,
  "enablePresenceAvatars": true,
  "enableLiveEmbeds": true,
  "enablePreviewViewHooks": true,
  "enableMetadataViewHooks": true,
  "enableKanbanView": true,
  "debugging": true,
  "enableSyncMenu": true,
  "enableAttachmentSync": true,
  "enableDocumentServer": true,
  "enableMicrosoftLogin": true,
  "enableGitHubLogin": true,
  "enableOIDCLogin": true
}
    at save@
[2026-02-19T08:49:11.947Z] [DEBUG] [postie]: send n f=>t(4,o=f)
    at @
[2026-02-19T08:49:44.581Z] [LOG] [Bl]: Saving settings to disk: {
  "release": {
    "channel": "stable"
  },
  "sharedFolders": [
    {
      "path": "Exhibitionist Priest",
      "guid": "0f8c49e0-c43c-441b-9b17-5f23457faa85",
      "relay": "c4c85ea1-b405-44d6-8561-1b4f1da5211c",
      "sync": {
        "images": true,
        "audio": true,
        "videos": true,
        "pdfs": true,
        "otherTypes": false
      }
    }
  ],
  "endpoints": {},
  "enableDocumentStatus": false,
  "enableNewLinkFormat": false,
  "enableDeltaLogging": false,
  "enableDocumentHistory": false,
  "enableEditorTweens": false,
  "enableNetworkLogging": false,
  "enableCanvasSync": true,
  "enableVerifyUploads": false,
  "enableAutomaticDiffResolution": true,
  "enableDiscordLogin": false,
  "enableSelfManageHosts": true,
  "enableToasts": true,
  "enablePresenceAvatars": true,
  "enableLiveEmbeds": true,
  "enablePreviewViewHooks": true,
  "enableMetadataViewHooks": true,
  "enableKanbanView": true,
  "debugging": true,
  "enableSyncMenu": true,
  "enableAttachmentSync": true,
  "enableDocumentServer": true,
  "enableMicrosoftLogin": true,
  "enableGitHubLogin": true,
  "enableOIDCLogin": true
}
    at save@
[2026-02-19T08:49:44.585Z] [DEBUG] [postie]: send n f=>t(4,o=f)
    at @
[2026-02-19T08:49:59.455Z] [DEBUG] [LiveTokenStore]: check and refresh tokens
    at checkAndRefreshTokens@
[2026-02-19T08:49:59.463Z] [DEBUG] [LiveTokenStore]: Token Store Report:
Expiry Margin: 5m
Active Tokens:
s3rn:relay:relay:c4c85ea1-b405-44d6-8561-1b4f1da5211c:folder:0f8c49e0-c43c-441b-9b17-5f23457faa85 (Exhibitionist Priest): 0 attempts, (expires in 16m)
s3rn:relay:relay:c4c85ea1-b405-44d6-8561-1b4f1da5211c:folder:0f8c49e0-c43c-441b-9b17-5f23457faa85:doc:1fe632bb-22a6-47b6-bbf2-435f0963cbb2 (/03 - Index/Characters/Nick 1.md): 0 attempts, (expires in 17m)
Stale Tokens:
Queue size: 0
    at checkAndRefreshTokens@
[2026-02-19T08:50:47.957Z] [LOG] [[SharedFile](Exhibitionist Priest)]: [Exhibitionist Priest] disconnection event {
  "isTrusted": true
}
    at forEach@[native code]
[2026-02-19T08:50:47.961Z] [DEBUG] [LiveTokenStore]: removing 0f8c49e0-c43c-441b-9b17-5f23457faa85 from refresh queue
    at removeFromRefreshQueue@
[2026-02-19T08:50:47.963Z] [DEBUG] [[SharedFile](Exhibitionist Priest)]: [Provider State] Exhibitionist Priest {
  "status": "disconnected",
  "intent": "disconnected"
}
    at disconnect@
[2026-02-19T08:50:47.982Z] [DEBUG] [LiveTokenStore]: removing ecae6f00-0b26-429d-9df9-78b1edd69caf from refresh queue
    at removeFromRefreshQueue@
[2026-02-19T08:50:47.982Z] [DEBUG] [[SharedDoc](/01 - Zettelkasten/Overview English.md)]: [Provider State] /01 - Zettelkasten/Overview English.md {
  "status": "disconnected",
  "intent": "disconnected"
}
    at disconnect@
[2026-02-19T08:50:47.982Z] [DEBUG] [LiveTokenStore]: removing 686dc8ea-a0cc-4aa9-8aa5-742c0130db3e from refresh queue
    at removeFromRefreshQueue@
[2026-02-19T08:50:47.982Z] [DEBUG] [[SharedDoc](/01 - Zettelkasten/murky waters/Overview English - Notes - Murkwater.md)]: [Provider State] /01 - Zettelkasten/murky waters/Overview English - Notes - Murkwater.md {
  "status": "disconnected",
  "intent": "disconnected"
}
    at disconnect@
[2026-02-19T08:50:47.982Z] [DEBUG] [LiveTokenStore]: removing 7e3838c9-f04b-4e89-b711-3c2850fa7b60 from refresh queue
    at removeFromRefreshQueue@
[2026-02-19T08:50:47.982Z] [DEBUG] [[SharedDoc](/01 - Zettelkasten/Remaining Tasks.md)]: [Provider State] /01 - Zettelkasten/Remaining Tasks.md {
  "status": "disconnected",
  "intent": "disconnected"
}
    at disconnect@
[2026-02-19T08:50:47.982Z] [DEBUG] [LiveTokenStore]: removing b22d304d-d352-4b01-a23a-75b7b789a061 from refresh queue
    at removeFromRefreshQueue@
[2026-02-19T08:50:47.982Z] [DEBUG] [[SharedDoc](/01 - Zettelkasten/Glossary for Outline.md)]: [Provider State] /01 - Zettelkasten/Glossary for Outline.md {
  "status": "disconnected",
  "intent": "disconnected"
}
    at disconnect@
[2026-02-19T08:50:47.982Z] [DEBUG] [LiveTokenStore]: removing 9e76a889-59d2-4eac-866c-c0f89e1c12a9 from refresh queue
    at removeFromRefreshQueue@
[2026-02-19T08:50:47.982Z] [DEBUG] [[SharedDoc](/02 - Attachments/Overview.md)]: [Provider State] /02 - Attachments/Overview.md {
  "status": "disconnected",
  "intent": "disconnected"
}
    at disconnect@
[2026-02-19T08:50:47.983Z] [DEBUG] [LiveTokenStore]: removing b7b1cf84-e4b2-4353-9544-f02d84c73477 from refresh queue
    at removeFromRefreshQueue@
[2026-02-19T08:50:47.983Z] [DEBUG] [[SharedDoc](/03 - Index/Characters/Jeff.md)]: [Provider State] /03 - Index/Characters/Jeff.md {
  "status": "disconnected",
  "intent": "disconnected"
}
    at disconnect@
[2026-02-19T08:50:47.983Z] [DEBUG] [LiveTokenStore]: removing 1fe632bb-22a6-47b6-bbf2-435f0963cbb2 from refresh queue
    at removeFromRefreshQueue@
[2026-02-19T08:50:47.983Z] [DEBUG] [[SharedDoc](/03 - Index/Characters/Nick 1.md)]: [Provider State] /03 - Index/Characters/Nick.md {
  "status": "disconnected",
  "intent": "disconnected"
}
    at disconnect@
[2026-02-19T08:50:47.983Z] [DEBUG] [LiveTokenStore]: removing 70e01fbc-846d-4cd7-ba3d-bcf910cf8cbe from refresh queue
    at removeFromRefreshQueue@
[2026-02-19T08:50:47.983Z] [DEBUG] [[SharedDoc](/03 - Index/Characters/Cesare.md)]: [Provider State] /03 - Index/Characters/Cesare.md {
  "status": "disconnected",
  "intent": "disconnected"
}
    at disconnect@
[2026-02-19T08:50:47.983Z] [DEBUG] [LiveTokenStore]: removing 7fcbf1d2-3c5c-48ea-b348-7bedc8d86fd4 from refresh queue
    at removeFromRefreshQueue@
[2026-02-19T08:50:47.983Z] [DEBUG] [[SharedDoc](/03 - Index/Characters/Joseph.md)]: [Provider State] /03 - Index/Characters/Joseph.md {
  "status": "disconnected",
  "intent": "disconnected"
}
    at disconnect@
[2026-02-19T08:50:47.983Z] [LOG] [[SharedFile](Exhibitionist Priest)]: get provider token
    at getProviderToken@
[2026-02-19T08:50:47.985Z] [DEBUG] [LiveTokenStore]: getting token Exhibitionist Priest
    at getToken@
[2026-02-19T08:50:47.985Z] [DEBUG] [LiveTokenStore]: token was valid, cache hit!
    at getToken@
[2026-02-19T08:50:47.986Z] [DEBUG] [[SharedFile](Exhibitionist Priest)]: [Provider State] Exhibitionist Priest {
  "status": "disconnected",
  "intent": "connected"
}
    at @
[2026-02-19T08:50:47.989Z] [DEBUG] [[SharedFile](Exhibitionist Priest)]: [Provider State] Exhibitionist Priest {
  "status": "disconnected",
  "intent": "connected"
}
    at @
[2026-02-19T08:50:48.091Z] [DEBUG] [[SharedFile](Exhibitionist Priest)]: [Provider State] Exhibitionist Priest {
  "status": "connecting",
  "intent": "connected"
}
    at @
[2026-02-19T08:50:48.305Z] [DEBUG] [Pocketbase]: https://auth.system3.md/api/realtime {
  "method": "POST",
  "body": {
    "clientId": "zJIGzuHjvmSftjoYH3qSexFMZRcQv97wlYCFlmiQ",
    "subscriptions": [
      "relays/*?options=%7B%22query%22%3A%7B%22expand%22%3A%22relay_invitations_via_relay%2Cshared_folders_via_relay%2Cshared_folders_via_relay.creator%2Csubscriptions_via_relay%2Csubscriptions_via_relay.relay%2Csubscriptions_via_relay.relay.storage_quota%2Ccreator%22%7D%7D",
      "relay_invitations/*?options=%7B%22query%22%3A%7B%22expand%22%3A%22relay%22%7D%7D",
      "providers/*?options=%7B%22query%22%3A%7B%22expand%22%3A%22%22%7D%7D",
      "relay_roles/*?options=%7B%22query%22%3A%7B%22expand%22%3A%22user%2Crelay%22%7D%7D",
      "shared_folders/*?options=%7B%22query%22%3A%7B%22expand%22%3A%22relay%2Ccreator%22%7D%7D",
      "shared_folder_roles/*?options=%7B%22query%22%3A%7B%22expand%22%3A%22user%2Cshared_folder%22%7D%7D",
      "subscriptions/*?options=%7B%22query%22%3A%7B%22expand%22%3A%22user%2Crelay%22%7D%7D",
      "storage_quotas/6jser4wq1crcym5?options=%7B%22query%22%3A%7B%22expand%22%3A%22%22%7D%7D"
    ]
  },
  "query": {},
  "headers": {
    "Content-Type": "application/json",
    "Accept-Language": "en-US",
    "Authorization": "[REDACTED]"
  },
  "signal": {}
}
    at send@
[2026-02-19T08:50:50.375Z] [DEBUG] [[SharedFile](Exhibitionist Priest)]: [Provider State] Exhibitionist Priest {
  "status": "connected",
  "intent": "connected"
}
    at @
[2026-02-19T08:50:50.387Z] [DEBUG] [postie]: send xn ()=>{this.setText()}
    at @
[2026-02-19T08:50:50.387Z] [DEBUG] [postie]: send xn ()=>{this.setText()}
    at @
[2026-02-19T08:50:50.387Z] [DEBUG] [postie]: send xn ()=>{this.setText()}
    at @
[2026-02-19T08:50:50.387Z] [DEBUG] [postie]: send xn ()=>{this.setText()}
    at @
[2026-02-19T08:50:50.387Z] [DEBUG] [postie]: send xn ()=>{this.setText()}
    at @
[2026-02-19T08:50:50.387Z] [DEBUG] [postie]: send xn ()=>{this.setText()}
    at @
[2026-02-19T08:50:50.388Z] [DEBUG] [postie]: send xn ()=>{this.setText()}
    at @
[2026-02-19T08:50:50.388Z] [DEBUG] [postie]: send xn ()=>{this.setText()}
    at @
[2026-02-19T08:50:50.388Z] [DEBUG] [postie]: send xn ()=>{this.setText()}
    at @
[2026-02-19T08:50:50.388Z] [DEBUG] [postie]: send xn ()=>{this.setText()}
    at @
[2026-02-19T08:50:50.388Z] [DEBUG] [postie]: send xn ()=>{this.setText()}
    at @
[2026-02-19T08:50:50.388Z] [DEBUG] [postie]: send xn ()=>{this.setText()}
    at @
[2026-02-19T08:50:50.388Z] [DEBUG] [postie]: send xn ()=>{this.setText()}
    at @
[2026-02-19T08:50:50.388Z] [DEBUG] [postie]: send xn ()=>{this.setText()}
    at @
[2026-02-19T08:50:50.388Z] [DEBUG] [postie]: send xn ()=>{this.setText()}
    at @
[2026-02-19T08:50:50.388Z] [DEBUG] [postie]: send xn ()=>{this.setText()}
    at @
[2026-02-19T08:50:50.388Z] [DEBUG] [postie]: send xn ()=>{this.setText()}
    at @
[2026-02-19T08:50:50.388Z] [DEBUG] [postie]: send xn ()=>{this.setText()}
    at @
[2026-02-19T08:50:50.388Z] [DEBUG] [postie]: send xn ()=>{this.setText()}
    at @
[2026-02-19T08:50:50.388Z] [DEBUG] [postie]: send xn ()=>{this.setText()}
    at @
[2026-02-19T08:50:50.388Z] [DEBUG] [postie]: send xn ()=>{this.setText()}
    at @
[2026-02-19T08:50:50.388Z] [DEBUG] [postie]: send xn ()=>{this.setText()}
    at @
[2026-02-19T08:50:50.388Z] [DEBUG] [postie]: send xn ()=>{this.setText()}
    at @
[2026-02-19T08:50:50.388Z] [DEBUG] [postie]: send xn ()=>{this.setText()}
    at @
[2026-02-19T08:50:50.388Z] [DEBUG] [postie]: send xn ()=>{this.setText()}
    at @
[2026-02-19T08:50:50.388Z] [DEBUG] [postie]: send xn ()=>{this.setText()}
    at @
[2026-02-19T08:50:50.389Z] [DEBUG] [postie]: send xn ()=>{this.setText()}
    at @
[2026-02-19T08:50:50.389Z] [DEBUG] [postie]: send xn ()=>{this.setText()}
    at @
[2026-02-19T08:50:50.389Z] [DEBUG] [postie]: send xn ()=>{this.setText()}
    at @
[2026-02-19T08:50:59.453Z] [DEBUG] [LiveTokenStore]: check and refresh tokens
    at checkAndRefreshTokens@
[2026-02-19T08:50:59.457Z] [DEBUG] [LiveTokenStore]: Token Store Report:
Expiry Margin: 5m
Active Tokens:
s3rn:relay:relay:c4c85ea1-b405-44d6-8561-1b4f1da5211c:folder:0f8c49e0-c43c-441b-9b17-5f23457faa85 (Exhibitionist Priest): 0 attempts, (expires in 15m)
s3rn:relay:relay:c4c85ea1-b405-44d6-8561-1b4f1da5211c:folder:0f8c49e0-c43c-441b-9b17-5f23457faa85:doc:1fe632bb-22a6-47b6-bbf2-435f0963cbb2 (/03 - Index/Characters/Nick 1.md): 0 attempts, (expires in 16m)
Stale Tokens:
Queue size: 0
    at checkAndRefreshTokens@
[2026-02-19T08:54:06.518Z] [DEBUG] [LiveTokenStore]: check and refresh tokens
    at checkAndRefreshTokens@
[2026-02-19T08:54:06.518Z] [DEBUG] [LiveTokenStore]: Token Store Report:
Expiry Margin: 5m
Active Tokens:
s3rn:relay:relay:c4c85ea1-b405-44d6-8561-1b4f1da5211c:folder:0f8c49e0-c43c-441b-9b17-5f23457faa85 (Exhibitionist Priest): 0 attempts, (expires in 12m)
s3rn:relay:relay:c4c85ea1-b405-44d6-8561-1b4f1da5211c:folder:0f8c49e0-c43c-441b-9b17-5f23457faa85:doc:1fe632bb-22a6-47b6-bbf2-435f0963cbb2 (/03 - Index/Characters/Nick 1.md): 0 attempts, (expires in 12m)
Stale Tokens:
Queue size: 0
    at checkAndRefreshTokens@
[2026-02-19T08:54:06.553Z] [DEBUG] [[SharedFile](Exhibitionist Priest)]: [Provider State] Exhibitionist Priest {
  "status": "disconnected",
  "intent": "connected"
}
    at @
[2026-02-19T08:54:06.655Z] [DEBUG] [[SharedFile](Exhibitionist Priest)]: [Provider State] Exhibitionist Priest {
  "status": "connecting",
  "intent": "connected"
}
    at @
[2026-02-19T08:54:06.999Z] [DEBUG] [Pocketbase]: https://auth.system3.md/api/realtime {
  "method": "POST",
  "body": {
    "clientId": "pdwxJlsJrxs3fXAgiiIBDGfHdEOF3OwYOpB01DFr",
    "subscriptions": [
      "relays/*?options=%7B%22query%22%3A%7B%22expand%22%3A%22relay_invitations_via_relay%2Cshared_folders_via_relay%2Cshared_folders_via_relay.creator%2Csubscriptions_via_relay%2Csubscriptions_via_relay.relay%2Csubscriptions_via_relay.relay.storage_quota%2Ccreator%22%7D%7D",
      "relay_invitations/*?options=%7B%22query%22%3A%7B%22expand%22%3A%22relay%22%7D%7D",
      "providers/*?options=%7B%22query%22%3A%7B%22expand%22%3A%22%22%7D%7D",
      "relay_roles/*?options=%7B%22query%22%3A%7B%22expand%22%3A%22user%2Crelay%22%7D%7D",
      "shared_folders/*?options=%7B%22query%22%3A%7B%22expand%22%3A%22relay%2Ccreator%22%7D%7D",
      "shared_folder_roles/*?options=%7B%22query%22%3A%7B%22expand%22%3A%22user%2Cshared_folder%22%7D%7D",
      "subscriptions/*?options=%7B%22query%22%3A%7B%22expand%22%3A%22user%2Crelay%22%7D%7D",
      "storage_quotas/6jser4wq1crcym5?options=%7B%22query%22%3A%7B%22expand%22%3A%22%22%7D%7D"
    ]
  },
  "query": {},
  "headers": {
    "Content-Type": "application/json",
    "Accept-Language": "en-US",
    "Authorization": "[REDACTED]"
  },
  "signal": {}
}
    at send@
[2026-02-19T08:54:09.004Z] [DEBUG] [[SharedFile](Exhibitionist Priest)]: [Provider State] Exhibitionist Priest {
  "status": "connected",
  "intent": "connected"
}
    at @
[2026-02-19T08:54:09.014Z] [DEBUG] [postie]: send xn ()=>{this.setText()}
    at @
[2026-02-19T08:54:09.014Z] [DEBUG] [postie]: send xn ()=>{this.setText()}
    at @
[2026-02-19T08:54:09.014Z] [DEBUG] [postie]: send xn ()=>{this.setText()}
    at @
[2026-02-19T08:54:09.014Z] [DEBUG] [postie]: send xn ()=>{this.setText()}
    at @
[2026-02-19T08:54:09.014Z] [DEBUG] [postie]: send xn ()=>{this.setText()}
    at @
[2026-02-19T08:54:09.014Z] [DEBUG] [postie]: send xn ()=>{this.setText()}
    at @
[2026-02-19T08:54:09.014Z] [DEBUG] [postie]: send xn ()=>{this.setText()}
    at @
[2026-02-19T08:54:09.014Z] [DEBUG] [postie]: send xn ()=>{this.setText()}
    at @
[2026-02-19T08:54:09.014Z] [DEBUG] [postie]: send xn ()=>{this.setText()}
    at @
[2026-02-19T08:54:09.015Z] [DEBUG] [postie]: send xn ()=>{this.setText()}
    at @
[2026-02-19T08:54:09.015Z] [DEBUG] [postie]: send xn ()=>{this.setText()}
    at @
[2026-02-19T08:54:09.015Z] [DEBUG] [postie]: send xn ()=>{this.setText()}
    at @
[2026-02-19T08:54:09.015Z] [DEBUG] [postie]: send xn ()=>{this.setText()}
    at @
[2026-02-19T08:54:09.015Z] [DEBUG] [postie]: send xn ()=>{this.setText()}
    at @
[2026-02-19T08:54:09.015Z] [DEBUG] [postie]: send xn ()=>{this.setText()}
    at @
[2026-02-19T08:54:09.015Z] [DEBUG] [postie]: send xn ()=>{this.setText()}
    at @
[2026-02-19T08:54:09.015Z] [DEBUG] [postie]: send xn ()=>{this.setText()}
    at @
[2026-02-19T08:54:09.015Z] [DEBUG] [postie]: send xn ()=>{this.setText()}
    at @
[2026-02-19T08:54:09.015Z] [DEBUG] [postie]: send xn ()=>{this.setText()}
    at @
[2026-02-19T08:54:09.015Z] [DEBUG] [postie]: send xn ()=>{this.setText()}
    at @
[2026-02-19T08:54:09.015Z] [DEBUG] [postie]: send xn ()=>{this.setText()}
    at @
[2026-02-19T08:54:09.015Z] [DEBUG] [postie]: send xn ()=>{this.setText()}
    at @
[2026-02-19T08:54:09.015Z] [DEBUG] [postie]: send xn ()=>{this.setText()}
    at @
[2026-02-19T08:54:09.015Z] [DEBUG] [postie]: send xn ()=>{this.setText()}
    at @
[2026-02-19T08:54:09.015Z] [DEBUG] [postie]: send xn ()=>{this.setText()}
    at @
[2026-02-19T08:54:09.015Z] [DEBUG] [postie]: send xn ()=>{this.setText()}
    at @
[2026-02-19T08:54:09.015Z] [DEBUG] [postie]: send xn ()=>{this.setText()}
    at @
[2026-02-19T08:54:09.015Z] [DEBUG] [postie]: send xn ()=>{this.setText()}
    at @
[2026-02-19T08:54:09.015Z] [DEBUG] [postie]: send xn ()=>{this.setText()}
    at @
[2026-02-19T08:55:07.738Z] [DEBUG] [LiveTokenStore]: check and refresh tokens
    at checkAndRefreshTokens@
[2026-02-19T08:55:07.740Z] [DEBUG] [LiveTokenStore]: Token Store Report:
Expiry Margin: 5m
Active Tokens:
s3rn:relay:relay:c4c85ea1-b405-44d6-8561-1b4f1da5211c:folder:0f8c49e0-c43c-441b-9b17-5f23457faa85 (Exhibitionist Priest): 0 attempts, (expires in 11m)
s3rn:relay:relay:c4c85ea1-b405-44d6-8561-1b4f1da5211c:folder:0f8c49e0-c43c-441b-9b17-5f23457faa85:doc:1fe632bb-22a6-47b6-bbf2-435f0963cbb2 (/03 - Index/Characters/Nick 1.md): 0 attempts, (expires in 11m)
Stale Tokens:
Queue size: 0
    at checkAndRefreshTokens@
[2026-02-19T08:55:07.782Z] [LOG] [[SharedFile](Exhibitionist Priest)]: [Exhibitionist Priest] disconnection event {
  "isTrusted": true
}
    at forEach@[native code]
[2026-02-19T08:55:07.782Z] [DEBUG] [LiveTokenStore]: removing 0f8c49e0-c43c-441b-9b17-5f23457faa85 from refresh queue
    at removeFromRefreshQueue@
[2026-02-19T08:55:07.782Z] [DEBUG] [[SharedFile](Exhibitionist Priest)]: [Provider State] Exhibitionist Priest {
  "status": "disconnected",
  "intent": "disconnected"
}
    at disconnect@
[2026-02-19T08:55:07.785Z] [DEBUG] [LiveTokenStore]: removing ecae6f00-0b26-429d-9df9-78b1edd69caf from refresh queue
    at removeFromRefreshQueue@
[2026-02-19T08:55:07.785Z] [DEBUG] [[SharedDoc](/01 - Zettelkasten/Overview English.md)]: [Provider State] /01 - Zettelkasten/Overview English.md {
  "status": "disconnected",
  "intent": "disconnected"
}
    at disconnect@
[2026-02-19T08:55:07.785Z] [DEBUG] [LiveTokenStore]: removing 686dc8ea-a0cc-4aa9-8aa5-742c0130db3e from refresh queue
    at removeFromRefreshQueue@
[2026-02-19T08:55:07.785Z] [DEBUG] [[SharedDoc](/01 - Zettelkasten/murky waters/Overview English - Notes - Murkwater.md)]: [Provider State] /01 - Zettelkasten/murky waters/Overview English - Notes - Murkwater.md {
  "status": "disconnected",
  "intent": "disconnected"
}
    at disconnect@
[2026-02-19T08:55:07.785Z] [DEBUG] [LiveTokenStore]: removing 7e3838c9-f04b-4e89-b711-3c2850fa7b60 from refresh queue
    at removeFromRefreshQueue@
[2026-02-19T08:55:07.785Z] [DEBUG] [[SharedDoc](/01 - Zettelkasten/Remaining Tasks.md)]: [Provider State] /01 - Zettelkasten/Remaining Tasks.md {
  "status": "disconnected",
  "intent": "disconnected"
}
    at disconnect@
[2026-02-19T08:55:07.785Z] [DEBUG] [LiveTokenStore]: removing b22d304d-d352-4b01-a23a-75b7b789a061 from refresh queue
    at removeFromRefreshQueue@
[2026-02-19T08:55:07.785Z] [DEBUG] [[SharedDoc](/01 - Zettelkasten/Glossary for Outline.md)]: [Provider State] /01 - Zettelkasten/Glossary for Outline.md {
  "status": "disconnected",
  "intent": "disconnected"
}
    at disconnect@
[2026-02-19T08:55:07.785Z] [DEBUG] [LiveTokenStore]: removing 9e76a889-59d2-4eac-866c-c0f89e1c12a9 from refresh queue
    at removeFromRefreshQueue@
[2026-02-19T08:55:07.785Z] [DEBUG] [[SharedDoc](/02 - Attachments/Overview.md)]: [Provider State] /02 - Attachments/Overview.md {
  "status": "disconnected",
  "intent": "disconnected"
}
    at disconnect@
[2026-02-19T08:55:07.785Z] [DEBUG] [LiveTokenStore]: removing b7b1cf84-e4b2-4353-9544-f02d84c73477 from refresh queue
    at removeFromRefreshQueue@
[2026-02-19T08:55:07.785Z] [DEBUG] [[SharedDoc](/03 - Index/Characters/Jeff.md)]: [Provider State] /03 - Index/Characters/Jeff.md {
  "status": "disconnected",
  "intent": "disconnected"
}
    at disconnect@
[2026-02-19T08:55:07.785Z] [DEBUG] [LiveTokenStore]: removing 1fe632bb-22a6-47b6-bbf2-435f0963cbb2 from refresh queue
    at removeFromRefreshQueue@
[2026-02-19T08:55:07.785Z] [DEBUG] [[SharedDoc](/03 - Index/Characters/Nick 1.md)]: [Provider State] /03 - Index/Characters/Nick.md {
  "status": "disconnected",
  "intent": "disconnected"
}
    at disconnect@
[2026-02-19T08:55:07.785Z] [DEBUG] [LiveTokenStore]: removing 70e01fbc-846d-4cd7-ba3d-bcf910cf8cbe from refresh queue
    at removeFromRefreshQueue@
[2026-02-19T08:55:07.786Z] [DEBUG] [[SharedDoc](/03 - Index/Characters/Cesare.md)]: [Provider State] /03 - Index/Characters/Cesare.md {
  "status": "disconnected",
  "intent": "disconnected"
}
    at disconnect@
[2026-02-19T08:55:07.786Z] [DEBUG] [LiveTokenStore]: removing 7fcbf1d2-3c5c-48ea-b348-7bedc8d86fd4 from refresh queue
    at removeFromRefreshQueue@
[2026-02-19T08:55:07.786Z] [DEBUG] [[SharedDoc](/03 - Index/Characters/Joseph.md)]: [Provider State] /03 - Index/Characters/Joseph.md {
  "status": "disconnected",
  "intent": "disconnected"
}
    at disconnect@
[2026-02-19T08:55:07.786Z] [LOG] [[SharedFile](Exhibitionist Priest)]: get provider token
    at getProviderToken@
[2026-02-19T08:55:07.786Z] [DEBUG] [LiveTokenStore]: getting token Exhibitionist Priest
    at getToken@
[2026-02-19T08:55:07.786Z] [DEBUG] [LiveTokenStore]: token was valid, cache hit!
    at getToken@
[2026-02-19T08:55:07.786Z] [DEBUG] [[SharedFile](Exhibitionist Priest)]: [Provider State] Exhibitionist Priest {
  "status": "disconnected",
  "intent": "connected"
}
    at @
[2026-02-19T08:55:07.787Z] [DEBUG] [[SharedFile](Exhibitionist Priest)]: [Provider State] Exhibitionist Priest {
  "status": "disconnected",
  "intent": "connected"
}
    at @
[2026-02-19T08:55:07.888Z] [DEBUG] [[SharedFile](Exhibitionist Priest)]: [Provider State] Exhibitionist Priest {
  "status": "connecting",
  "intent": "connected"
}
    at @
[2026-02-19T08:55:08.228Z] [DEBUG] [Pocketbase]: https://auth.system3.md/api/realtime {
  "method": "POST",
  "body": {
    "clientId": "Z2uFPyxbOWdXqmbNA06wDUXpBKE4EQAOHNHwKAbp",
    "subscriptions": [
      "relays/*?options=%7B%22query%22%3A%7B%22expand%22%3A%22relay_invitations_via_relay%2Cshared_folders_via_relay%2Cshared_folders_via_relay.creator%2Csubscriptions_via_relay%2Csubscriptions_via_relay.relay%2Csubscriptions_via_relay.relay.storage_quota%2Ccreator%22%7D%7D",
      "relay_invitations/*?options=%7B%22query%22%3A%7B%22expand%22%3A%22relay%22%7D%7D",
      "providers/*?options=%7B%22query%22%3A%7B%22expand%22%3A%22%22%7D%7D",
      "relay_roles/*?options=%7B%22query%22%3A%7B%22expand%22%3A%22user%2Crelay%22%7D%7D",
      "shared_folders/*?options=%7B%22query%22%3A%7B%22expand%22%3A%22relay%2Ccreator%22%7D%7D",
      "shared_folder_roles/*?options=%7B%22query%22%3A%7B%22expand%22%3A%22user%2Cshared_folder%22%7D%7D",
      "subscriptions/*?options=%7B%22query%22%3A%7B%22expand%22%3A%22user%2Crelay%22%7D%7D",
      "storage_quotas/6jser4wq1crcym5?options=%7B%22query%22%3A%7B%22expand%22%3A%22%22%7D%7D"
    ]
  },
  "query": {},
  "headers": {
    "Content-Type": "application/json",
    "Accept-Language": "en-US",
    "Authorization": "[REDACTED]"
  },
  "signal": {}
}
    at send@
[2026-02-19T08:55:09.705Z] [DEBUG] [[SharedFile](Exhibitionist Priest)]: [Provider State] Exhibitionist Priest {
  "status": "connected",
  "intent": "connected"
}
    at @
[2026-02-19T08:55:09.715Z] [DEBUG] [postie]: send xn ()=>{this.setText()}
    at @
[2026-02-19T08:55:09.716Z] [DEBUG] [postie]: send xn ()=>{this.setText()}
    at @
[2026-02-19T08:55:09.716Z] [DEBUG] [postie]: send xn ()=>{this.setText()}
    at @
[2026-02-19T08:55:09.716Z] [DEBUG] [postie]: send xn ()=>{this.setText()}
    at @
[2026-02-19T08:55:09.716Z] [DEBUG] [postie]: send xn ()=>{this.setText()}
    at @
[2026-02-19T08:55:09.716Z] [DEBUG] [postie]: send xn ()=>{this.setText()}
    at @
[2026-02-19T08:55:09.716Z] [DEBUG] [postie]: send xn ()=>{this.setText()}
    at @
[2026-02-19T08:55:09.716Z] [DEBUG] [postie]: send xn ()=>{this.setText()}
    at @
[2026-02-19T08:55:09.716Z] [DEBUG] [postie]: send xn ()=>{this.setText()}
    at @
[2026-02-19T08:55:09.716Z] [DEBUG] [postie]: send xn ()=>{this.setText()}
    at @
[2026-02-19T08:55:09.716Z] [DEBUG] [postie]: send xn ()=>{this.setText()}
    at @
[2026-02-19T08:55:09.716Z] [DEBUG] [postie]: send xn ()=>{this.setText()}
    at @
[2026-02-19T08:55:09.716Z] [DEBUG] [postie]: send xn ()=>{this.setText()}
    at @
[2026-02-19T08:55:09.716Z] [DEBUG] [postie]: send xn ()=>{this.setText()}
    at @
[2026-02-19T08:55:09.716Z] [DEBUG] [postie]: send xn ()=>{this.setText()}
    at @
[2026-02-19T08:55:09.716Z] [DEBUG] [postie]: send xn ()=>{this.setText()}
    at @
[2026-02-19T08:55:09.716Z] [DEBUG] [postie]: send xn ()=>{this.setText()}
    at @
[2026-02-19T08:55:09.716Z] [DEBUG] [postie]: send xn ()=>{this.setText()}
    at @
[2026-02-19T08:55:09.716Z] [DEBUG] [postie]: send xn ()=>{this.setText()}
    at @
[2026-02-19T08:55:09.716Z] [DEBUG] [postie]: send xn ()=>{this.setText()}
    at @
[2026-02-19T08:55:09.717Z] [DEBUG] [postie]: send xn ()=>{this.setText()}
    at @
[2026-02-19T08:55:09.717Z] [DEBUG] [postie]: send xn ()=>{this.setText()}
    at @
[2026-02-19T08:55:09.717Z] [DEBUG] [postie]: send xn ()=>{this.setText()}
    at @
[2026-02-19T08:55:09.717Z] [DEBUG] [postie]: send xn ()=>{this.setText()}
    at @
[2026-02-19T08:55:09.717Z] [DEBUG] [postie]: send xn ()=>{this.setText()}
    at @
[2026-02-19T08:55:09.717Z] [DEBUG] [postie]: send xn ()=>{this.setText()}
    at @
[2026-02-19T08:55:09.717Z] [DEBUG] [postie]: send xn ()=>{this.setText()}
    at @
[2026-02-19T08:55:09.717Z] [DEBUG] [postie]: send xn ()=>{this.setText()}
    at @
[2026-02-19T08:55:09.717Z] [DEBUG] [postie]: send xn ()=>{this.setText()}
    at @
[2026-02-19T08:55:22.050Z] [LOG] [System 3][Relay][Vault]: Delete Exhibitionist Priest/01 - Zettelkasten/murky waters 1
    at @capacitor://localhost/app.js:1:1227677
[2026-02-19T08:55:22.051Z] [LOG] [[SharedFile](Exhibitionist Priest)]: marked pending delete /01 - Zettelkasten/murky waters 1
    at @
[2026-02-19T08:55:22.053Z] [LOG] [[SharedFile](Exhibitionist Priest)]: cleared pending delete /01 - Zettelkasten/murky waters 1
    at @
[2026-02-19T08:55:22.063Z] [DEBUG] [postie]: send Kl i=>{this.quickRefresh()}
    at @
[2026-02-19T08:55:22.064Z] [DEBUG] [postie]: send Kl async()=>{await this.syncFileTree(this.syncStore)}
    at @
[2026-02-19T08:55:22.170Z] [DEBUG] [LiveViews][[Docset]]: Refresh
    at _refreshViews@
[2026-02-19T08:55:22.171Z] [DEBUG] [postie]: send Md ()=>{this.refresh("[Docset]")}
    at @
[2026-02-19T08:55:22.172Z] [DEBUG] [LiveViews][[Docset]]: Releasing Views []
    at _refreshViews@
[2026-02-19T08:55:47.456Z] [LOG] [[SharedFile](Exhibitionist Priest)]: [Exhibitionist Priest] disconnection event {
  "isTrusted": true
}
    at forEach@[native code]
[2026-02-19T08:55:47.457Z] [DEBUG] [LiveTokenStore]: removing 0f8c49e0-c43c-441b-9b17-5f23457faa85 from refresh queue
    at removeFromRefreshQueue@
[2026-02-19T08:55:47.457Z] [DEBUG] [[SharedFile](Exhibitionist Priest)]: [Provider State] Exhibitionist Priest {
  "status": "disconnected",
  "intent": "disconnected"
}
    at disconnect@
[2026-02-19T08:55:47.459Z] [DEBUG] [LiveTokenStore]: removing ecae6f00-0b26-429d-9df9-78b1edd69caf from refresh queue
    at removeFromRefreshQueue@
[2026-02-19T08:55:47.459Z] [DEBUG] [[SharedDoc](/01 - Zettelkasten/Overview English.md)]: [Provider State] /01 - Zettelkasten/Overview English.md {
  "status": "disconnected",
  "intent": "disconnected"
}
    at disconnect@
[2026-02-19T08:55:47.459Z] [DEBUG] [LiveTokenStore]: removing 686dc8ea-a0cc-4aa9-8aa5-742c0130db3e from refresh queue
    at removeFromRefreshQueue@
[2026-02-19T08:55:47.459Z] [DEBUG] [[SharedDoc](/01 - Zettelkasten/murky waters/Overview English - Notes - Murkwater.md)]: [Provider State] /01 - Zettelkasten/murky waters/Overview English - Notes - Murkwater.md {
  "status": "disconnected",
  "intent": "disconnected"
}
    at disconnect@
[2026-02-19T08:55:47.460Z] [DEBUG] [LiveTokenStore]: removing 7e3838c9-f04b-4e89-b711-3c2850fa7b60 from refresh queue
    at removeFromRefreshQueue@
[2026-02-19T08:55:47.460Z] [DEBUG] [[SharedDoc](/01 - Zettelkasten/Remaining Tasks.md)]: [Provider State] /01 - Zettelkasten/Remaining Tasks.md {
  "status": "disconnected",
  "intent": "disconnected"
}
    at disconnect@
[2026-02-19T08:55:47.460Z] [DEBUG] [LiveTokenStore]: removing b22d304d-d352-4b01-a23a-75b7b789a061 from refresh queue
    at removeFromRefreshQueue@
[2026-02-19T08:55:47.460Z] [DEBUG] [[SharedDoc](/01 - Zettelkasten/Glossary for Outline.md)]: [Provider State] /01 - Zettelkasten/Glossary for Outline.md {
  "status": "disconnected",
  "intent": "disconnected"
}
    at disconnect@
[2026-02-19T08:55:47.460Z] [DEBUG] [LiveTokenStore]: removing 9e76a889-59d2-4eac-866c-c0f89e1c12a9 from refresh queue
    at removeFromRefreshQueue@
[2026-02-19T08:55:47.460Z] [DEBUG] [[SharedDoc](/02 - Attachments/Overview.md)]: [Provider State] /02 - Attachments/Overview.md {
  "status": "disconnected",
  "intent": "disconnected"
}
    at disconnect@
[2026-02-19T08:55:47.460Z] [DEBUG] [LiveTokenStore]: removing b7b1cf84-e4b2-4353-9544-f02d84c73477 from refresh queue
    at removeFromRefreshQueue@
[2026-02-19T08:55:47.460Z] [DEBUG] [[SharedDoc](/03 - Index/Characters/Jeff.md)]: [Provider State] /03 - Index/Characters/Jeff.md {
  "status": "disconnected",
  "intent": "disconnected"
}
    at disconnect@
[2026-02-19T08:55:47.460Z] [DEBUG] [LiveTokenStore]: removing 1fe632bb-22a6-47b6-bbf2-435f0963cbb2 from refresh queue
    at removeFromRefreshQueue@
[2026-02-19T08:55:47.460Z] [DEBUG] [[SharedDoc](/03 - Index/Characters/Nick 1.md)]: [Provider State] /03 - Index/Characters/Nick.md {
  "status": "disconnected",
  "intent": "disconnected"
}
    at disconnect@
[2026-02-19T08:55:47.460Z] [DEBUG] [LiveTokenStore]: removing 70e01fbc-846d-4cd7-ba3d-bcf910cf8cbe from refresh queue
    at removeFromRefreshQueue@
[2026-02-19T08:55:47.460Z] [DEBUG] [[SharedDoc](/03 - Index/Characters/Cesare.md)]: [Provider State] /03 - Index/Characters/Cesare.md {
  "status": "disconnected",
  "intent": "disconnected"
}
    at disconnect@
[2026-02-19T08:55:47.460Z] [DEBUG] [LiveTokenStore]: removing 7fcbf1d2-3c5c-48ea-b348-7bedc8d86fd4 from refresh queue
    at removeFromRefreshQueue@
[2026-02-19T08:55:47.460Z] [DEBUG] [[SharedDoc](/03 - Index/Characters/Joseph.md)]: [Provider State] /03 - Index/Characters/Joseph.md {
  "status": "disconnected",
  "intent": "disconnected"
}
    at disconnect@
[2026-02-19T08:55:47.460Z] [LOG] [[SharedFile](Exhibitionist Priest)]: get provider token
    at getProviderToken@
[2026-02-19T08:55:47.460Z] [DEBUG] [LiveTokenStore]: getting token Exhibitionist Priest
    at getToken@
[2026-02-19T08:55:47.460Z] [DEBUG] [LiveTokenStore]: token was valid, cache hit!
    at getToken@
[2026-02-19T08:55:47.461Z] [DEBUG] [[SharedFile](Exhibitionist Priest)]: [Provider State] Exhibitionist Priest {
  "status": "disconnected",
  "intent": "connected"
}
    at @
[2026-02-19T08:55:47.461Z] [DEBUG] [[SharedFile](Exhibitionist Priest)]: [Provider State] Exhibitionist Priest {
  "status": "disconnected",
  "intent": "connected"
}
    at @
[2026-02-19T08:55:47.562Z] [DEBUG] [[SharedFile](Exhibitionist Priest)]: [Provider State] Exhibitionist Priest {
  "status": "connecting",
  "intent": "connected"
}
    at @
[2026-02-19T08:55:47.832Z] [DEBUG] [Pocketbase]: https://auth.system3.md/api/realtime {
  "method": "POST",
  "body": {
    "clientId": "xhnB1AHcGsOYcds18NgZKL1xp4olRiX3neu0ZX6s",
    "subscriptions": [
      "relays/*?options=%7B%22query%22%3A%7B%22expand%22%3A%22relay_invitations_via_relay%2Cshared_folders_via_relay%2Cshared_folders_via_relay.creator%2Csubscriptions_via_relay%2Csubscriptions_via_relay.relay%2Csubscriptions_via_relay.relay.storage_quota%2Ccreator%22%7D%7D",
      "relay_invitations/*?options=%7B%22query%22%3A%7B%22expand%22%3A%22relay%22%7D%7D",
      "providers/*?options=%7B%22query%22%3A%7B%22expand%22%3A%22%22%7D%7D",
      "relay_roles/*?options=%7B%22query%22%3A%7B%22expand%22%3A%22user%2Crelay%22%7D%7D",
      "shared_folders/*?options=%7B%22query%22%3A%7B%22expand%22%3A%22relay%2Ccreator%22%7D%7D",
      "shared_folder_roles/*?options=%7B%22query%22%3A%7B%22expand%22%3A%22user%2Cshared_folder%22%7D%7D",
      "subscriptions/*?options=%7B%22query%22%3A%7B%22expand%22%3A%22user%2Crelay%22%7D%7D",
      "storage_quotas/6jser4wq1crcym5?options=%7B%22query%22%3A%7B%22expand%22%3A%22%22%7D%7D"
    ]
  },
  "query": {},
  "headers": {
    "Content-Type": "application/json",
    "Accept-Language": "en-US",
    "Authorization": "[REDACTED]"
  },
  "signal": {}
}
    at send@
[2026-02-19T08:55:50.015Z] [DEBUG] [[SharedFile](Exhibitionist Priest)]: [Provider State] Exhibitionist Priest {
  "status": "connected",
  "intent": "connected"
}
    at @
[2026-02-19T08:55:50.027Z] [DEBUG] [postie]: send xn ()=>{this.setText()}
    at @
[2026-02-19T08:55:50.027Z] [DEBUG] [postie]: send xn ()=>{this.setText()}
    at @
[2026-02-19T08:55:50.028Z] [DEBUG] [postie]: send xn ()=>{this.setText()}
    at @
[2026-02-19T08:55:50.028Z] [DEBUG] [postie]: send xn ()=>{this.setText()}
    at @
[2026-02-19T08:55:50.028Z] [DEBUG] [postie]: send xn ()=>{this.setText()}
    at @
[2026-02-19T08:55:50.028Z] [DEBUG] [postie]: send xn ()=>{this.setText()}
    at @
[2026-02-19T08:55:50.031Z] [DEBUG] [postie]: send xn ()=>{this.setText()}
    at @
[2026-02-19T08:55:50.031Z] [DEBUG] [postie]: send xn ()=>{this.setText()}
    at @
[2026-02-19T08:55:50.032Z] [DEBUG] [postie]: send xn ()=>{this.setText()}
    at @
[2026-02-19T08:55:50.032Z] [DEBUG] [postie]: send xn ()=>{this.setText()}
    at @
[2026-02-19T08:55:50.032Z] [DEBUG] [postie]: send xn ()=>{this.setText()}
    at @
[2026-02-19T08:55:50.032Z] [DEBUG] [postie]: send xn ()=>{this.setText()}
    at @
[2026-02-19T08:55:50.032Z] [DEBUG] [postie]: send xn ()=>{this.setText()}
    at @
[2026-02-19T08:55:50.032Z] [DEBUG] [postie]: send xn ()=>{this.setText()}
    at @
[2026-02-19T08:55:50.032Z] [DEBUG] [postie]: send xn ()=>{this.setText()}
    at @
[2026-02-19T08:55:50.032Z] [DEBUG] [postie]: send xn ()=>{this.setText()}
    at @
[2026-02-19T08:55:50.032Z] [DEBUG] [postie]: send xn ()=>{this.setText()}
    at @
[2026-02-19T08:55:50.032Z] [DEBUG] [postie]: send xn ()=>{this.setText()}
    at @
[2026-02-19T08:55:50.032Z] [DEBUG] [postie]: send xn ()=>{this.setText()}
    at @
[2026-02-19T08:55:50.032Z] [DEBUG] [postie]: send xn ()=>{this.setText()}
    at @
[2026-02-19T08:55:50.032Z] [DEBUG] [postie]: send xn ()=>{this.setText()}
    at @
[2026-02-19T08:55:50.032Z] [DEBUG] [postie]: send xn ()=>{this.setText()}
    at @
[2026-02-19T08:55:50.032Z] [DEBUG] [postie]: send xn ()=>{this.setText()}
    at @
[2026-02-19T08:55:50.032Z] [DEBUG] [postie]: send xn ()=>{this.setText()}
    at @
[2026-02-19T08:55:50.032Z] [DEBUG] [postie]: send xn ()=>{this.setText()}
    at @
[2026-02-19T08:55:50.032Z] [DEBUG] [postie]: send xn ()=>{this.setText()}
    at @
[2026-02-19T08:55:50.032Z] [DEBUG] [postie]: send xn ()=>{this.setText()}
    at @
[2026-02-19T08:55:50.032Z] [DEBUG] [postie]: send xn ()=>{this.setText()}
    at @
[2026-02-19T08:55:50.032Z] [DEBUG] [postie]: send xn ()=>{this.setText()}
    at @
[2026-02-19T08:55:59.292Z] [LOG] [System 3][Relay]: No active enterprise tenant configured, using defaults
    at validateEndpointsOnStartup@
[2026-02-19T08:55:59.293Z] [DEBUG] [Pocketbase]: https://auth.system3.md/api/collections/users/auth-refresh {
  "method": "POST",
  "query": {},
  "headers": {
    "Content-Type": "application/json",
    "Accept-Language": "en-US",
    "Authorization": "[REDACTED]"
  },
  "signal": {}
}
    at send@
[2026-02-19T08:55:59.293Z] [DEBUG] [Pocketbase]: https://auth.system3.md/api/collections/users/records/7cm9jf7qvjo05mx {
  "method": "GET",
  "query": {},
  "headers": {
    "Content-Type": "application/json",
    "Accept-Language": "en-US",
    "Authorization": "[REDACTED]"
  },
  "signal": {}
}
    at send@
[2026-02-19T08:55:59.294Z] [DEBUG] [Pocketbase]: https://auth.system3.md/api/collections/users/records {
  "method": "GET",
  "query": {
    "page": 1,
    "perPage": 500,
    "skipTotal": 1,
    "filter": "id=\"7cm9jf7qvjo05mx\"",
    "expand": "relay_roles_via_user,relay_roles_via_user.relay,relay_roles_via_user.relay.storage_quota,relay_roles_via_user.role"
  },
  "headers": {
    "Content-Type": "application/json",
    "Accept-Language": "en-US",
    "Authorization": "[REDACTED]"
  },
  "signal": {}
}
    at send@
[2026-02-19T08:55:59.294Z] [DEBUG] [Pocketbase]: https://auth.system3.md/api/collections/relay_roles/records {
  "method": "GET",
  "query": {
    "page": 1,
    "perPage": 500,
    "skipTotal": 1,
    "expand": "user,role"
  },
  "headers": {
    "Content-Type": "application/json",
    "Accept-Language": "en-US",
    "Authorization": "[REDACTED]"
  },
  "signal": {}
}
    at send@
[2026-02-19T08:55:59.294Z] [DEBUG] [Pocketbase]: https://auth.system3.md/api/collections/providers/records {
  "method": "GET",
  "query": {
    "page": 1,
    "perPage": 500,
    "skipTotal": 1
  },
  "headers": {
    "Content-Type": "application/json",
    "Accept-Language": "en-US",
    "Authorization": "[REDACTED]"
  },
  "signal": {}
}
    at send@
[2026-02-19T08:55:59.294Z] [DEBUG] [Pocketbase]: https://auth.system3.md/api/collections/relay_invitations/records {
  "method": "GET",
  "query": {
    "page": 1,
    "perPage": 500,
    "skipTotal": 1
  },
  "headers": {
    "Content-Type": "application/json",
    "Accept-Language": "en-US",
    "Authorization": "[REDACTED]"
  },
  "signal": {}
}
    at send@
[2026-02-19T08:55:59.294Z] [DEBUG] [Pocketbase]: https://auth.system3.md/api/collections/shared_folders/records {
  "method": "GET",
  "query": {
    "page": 1,
    "perPage": 500,
    "skipTotal": 1,
    "expand": "relay,creator"
  },
  "headers": {
    "Content-Type": "application/json",
    "Accept-Language": "en-US",
    "Authorization": "[REDACTED]"
  },
  "signal": {}
}
    at send@
[2026-02-19T08:55:59.294Z] [DEBUG] [Pocketbase]: https://auth.system3.md/api/collections/shared_folder_roles/records {
  "method": "GET",
  "query": {
    "page": 1,
    "perPage": 500,
    "skipTotal": 1,
    "expand": "user,role"
  },
  "headers": {
    "Content-Type": "application/json",
    "Accept-Language": "en-US",
    "Authorization": "[REDACTED]"
  },
  "signal": {}
}
    at send@
[2026-02-19T08:55:59.294Z] [DEBUG] [Pocketbase]: https://auth.system3.md/api/collections/subscriptions/records {
  "method": "GET",
  "query": {
    "page": 1,
    "perPage": 500,
    "skipTotal": 1,
    "expand": "relay,user"
  },
  "headers": {
    "Content-Type": "application/json",
    "Accept-Language": "en-US",
    "Authorization": "[REDACTED]"
  },
  "signal": {}
}
    at send@
[2026-02-19T08:55:59.354Z] [DEBUG] [postie]: send Bl ()=>{let t=this.getNestedValue(this.settings.get());this.lastKnown===void 0&&t===void 0||JSON.stringify(this.lastKnown)!==JSON.stringify(t)&&(this.lastKnown=t,this.notifyListeners())}
    at @
[2026-02-19T08:55:59.354Z] [DEBUG] [postie]: send Bl ()=>{let t=this.getNestedValue(this.settings.get());this.lastKnown===void 0&&t===void 0||JSON.stringify(this.lastKnown)!==JSON.stringify(t)&&(this.lastKnown=t,this.notifyListeners())}
    at @
[2026-02-19T08:55:59.354Z] [DEBUG] [postie]: send Bl ()=>{let t=this.getNestedValue(this.settings.get());this.lastKnown===void 0&&t===void 0||JSON.stringify(this.lastKnown)!==JSON.stringify(t)&&(this.lastKnown=t,this.notifyListeners())}
    at @
[2026-02-19T08:55:59.354Z] [DEBUG] [postie]: send Bl ()=>{let t=this.getNestedValue(this.settings.get());this.lastKnown===void 0&&t===void 0||JSON.stringify(this.lastKnown)!==JSON.stringify(t)&&(this.lastKnown=t,this.notifyListeners())}
    at @
[2026-02-19T08:55:59.354Z] [DEBUG] [postie]: send Bl ()=>{let t=this.getNestedValue(this.settings.get());this.lastKnown===void 0&&t===void 0||JSON.stringify(this.lastKnown)!==JSON.stringify(t)&&(this.lastKnown=t,this.notifyListeners())}
    at @
[2026-02-19T08:55:59.354Z] [DEBUG] [postie]: send Bl ()=>{let t=this.getNestedValue(this.settings.get());this.lastKnown===void 0&&t===void 0||JSON.stringify(this.lastKnown)!==JSON.stringify(t)&&(this.lastKnown=t,this.notifyListeners())}
    at @
[2026-02-19T08:55:59.354Z] [DEBUG] [postie]: send su ()=>{let l=this.updateManager.getNewRelease();l?(this.removeCommand("update-plugin"),this.addCommand({id:"update-plugin",name:`Update Plugin (${this.version} \u2192 ${l.tag_name})`,callback:async()=>{await this.updateManager.installUpdate(l)}}),this.log(`Update available: v${this.version} \u2192 ${l.tag_name}`)):this.removeCommand("update-plugin")}
    at @
[2026-02-19T08:55:59.354Z] [DEBUG] [postie]: send er i=>{let a=!1;this.items().forEach(l=>{let c=i.find(u=>u.guid==l.guid);l.remote!=c&&(a=!0),l.remote=c}),a&&this.update()}
    at @
[2026-02-19T08:55:59.354Z] [DEBUG] [Pocketbase]: https://auth.system3.md/api/collections/users/records {
  "method": "GET",
  "query": {
    "page": 1,
    "perPage": 500,
    "skipTotal": 1,
    "filter": "id=\"7cm9jf7qvjo05mx\"",
    "expand": "relay_roles_via_user,relay_roles_via_user.relay,relay_roles_via_user.relay.storage_quota,relay_roles_via_user.role"
  },
  "headers": {
    "Content-Type": "application/json",
    "Accept-Language": "en-US",
    "Authorization": "[REDACTED]"
  },
  "signal": {}
}
    at send@
[2026-02-19T08:55:59.354Z] [DEBUG] [Pocketbase]: https://auth.system3.md/api/collections/relay_roles/records {
  "method": "GET",
  "query": {
    "page": 1,
    "perPage": 500,
    "skipTotal": 1,
    "expand": "user,role"
  },
  "headers": {
    "Content-Type": "application/json",
    "Accept-Language": "en-US",
    "Authorization": "[REDACTED]"
  },
  "signal": {}
}
    at send@
[2026-02-19T08:55:59.354Z] [DEBUG] [Pocketbase]: https://auth.system3.md/api/collections/providers/records {
  "method": "GET",
  "query": {
    "page": 1,
    "perPage": 500,
    "skipTotal": 1
  },
  "headers": {
    "Content-Type": "application/json",
    "Accept-Language": "en-US",
    "Authorization": "[REDACTED]"
  },
  "signal": {}
}
    at send@
[2026-02-19T08:55:59.355Z] [DEBUG] [Pocketbase]: https://auth.system3.md/api/collections/relay_invitations/records {
  "method": "GET",
  "query": {
    "page": 1,
    "perPage": 500,
    "skipTotal": 1
  },
  "headers": {
    "Content-Type": "application/json",
    "Accept-Language": "en-US",
    "Authorization": "[REDACTED]"
  },
  "signal": {}
}
    at send@
[2026-02-19T08:55:59.355Z] [DEBUG] [Pocketbase]: https://auth.system3.md/api/collections/shared_folders/records {
  "method": "GET",
  "query": {
    "page": 1,
    "perPage": 500,
    "skipTotal": 1,
    "expand": "relay,creator"
  },
  "headers": {
    "Content-Type": "application/json",
    "Accept-Language": "en-US",
    "Authorization": "[REDACTED]"
  },
  "signal": {}
}
    at send@
[2026-02-19T08:55:59.355Z] [DEBUG] [Pocketbase]: https://auth.system3.md/api/collections/shared_folder_roles/records {
  "method": "GET",
  "query": {
    "page": 1,
    "perPage": 500,
    "skipTotal": 1,
    "expand": "user,role"
  },
  "headers": {
    "Content-Type": "application/json",
    "Accept-Language": "en-US",
    "Authorization": "[REDACTED]"
  },
  "signal": {}
}
    at send@
[2026-02-19T08:55:59.355Z] [DEBUG] [Pocketbase]: https://auth.system3.md/api/collections/subscriptions/records {
  "method": "GET",
  "query": {
    "page": 1,
    "perPage": 500,
    "skipTotal": 1,
    "expand": "relay,user"
  },
  "headers": {
    "Content-Type": "application/json",
    "Accept-Language": "en-US",
    "Authorization": "[REDACTED]"
  },
  "signal": {}
}
    at send@
[2026-02-19T08:55:59.355Z] [DEBUG] [postie]: send Al ()=>{this.loginManager.loggedIn?this.login():this.logout()}
    at @
[2026-02-19T08:55:59.410Z] [LOG] [[SharedFile](Exhibitionist Priest)]: get provider token
    at getProviderToken@
[2026-02-19T08:55:59.410Z] [DEBUG] [LiveTokenStore]: getting token Exhibitionist Priest
    at getToken@
[2026-02-19T08:55:59.410Z] [DEBUG] [LiveTokenStore]: token was valid, cache hit!
    at getToken@
[2026-02-19T08:55:59.411Z] [DEBUG] [LiveViews][[Shared Folders]]: Refresh
    at _refreshViews@
[2026-02-19T08:55:59.412Z] [DEBUG] [LiveTokenStore]: starting
    at start@
[2026-02-19T08:55:59.412Z] [DEBUG] [LiveTokenStore]: check and refresh tokens
    at checkAndRefreshTokens@
[2026-02-19T08:55:59.412Z] [DEBUG] [LiveTokenStore]: Token Store Report:
Expiry Margin: 5m
Active Tokens:
s3rn:relay:relay:c4c85ea1-b405-44d6-8561-1b4f1da5211c:folder:0f8c49e0-c43c-441b-9b17-5f23457faa85 (Exhibitionist Priest): 0 attempts, (expires in 10m)
Stale Tokens:
s3rn:relay:relay:c4c85ea1-b405-44d6-8561-1b4f1da5211c:folder:0f8c49e0-c43c-441b-9b17-5f23457faa85:doc:1fe632bb-22a6-47b6-bbf2-435f0963cbb2 (/03 - Index/Characters/Nick 1.md): 0 attempts, (expires in 11m)
Queue size: 0
    at checkAndRefreshTokens@
[2026-02-19T08:55:59.416Z] [DEBUG] [Patcher]: Applied monkeypatch {
  "target": "t",
  "methods": [
    "onUnloadFile"
  ],
  "patchCount": 1
}
    at setup@
[2026-02-19T08:55:59.416Z] [DEBUG] [Patcher]: Applied monkeypatch {
  "target": "t",
  "methods": [
    "process"
  ],
  "patchCount": 2
}
    at setup@
[2026-02-19T08:55:59.417Z] [WARN] [System 3][Relay]: Webviewer plugin not found or not initialized
    at setup@
[2026-02-19T08:55:59.417Z] [DEBUG] [Wl]: starting
    at setup@
[2026-02-19T08:55:59.417Z] [DEBUG] [LiveViews][[Shared Folders]]: Releasing Views []
    at _refreshViews@
[2026-02-19T08:55:59.417Z] [DEBUG] [[SharedFile](Exhibitionist Priest)]: [Provider State] Exhibitionist Priest {
  "status": "connecting",
  "intent": "connected"
}
    at @
[2026-02-19T08:55:59.418Z] [DEBUG] [[SharedFile](Exhibitionist Priest)]: [Provider State] Exhibitionist Priest {
  "status": "connecting",
  "intent": "connected"
}
    at @
[2026-02-19T08:55:59.418Z] [DEBUG] [LiveViews][init]: Refresh
    at _refreshViews@
[2026-02-19T08:55:59.418Z] [DEBUG] [LiveViews][init]: Releasing Views []
    at _refreshViews@
[2026-02-19T08:55:59.419Z] [DEBUG] [postie]: send Bl ()=>{let t=this.getNestedValue(this.settings.get());this.lastKnown===void 0&&t===void 0||JSON.stringify(this.lastKnown)!==JSON.stringify(t)&&(this.lastKnown=t,this.notifyListeners())}
    at @
[2026-02-19T08:55:59.419Z] [DEBUG] [postie]: send Bl ()=>{let t=this.getNestedValue(this.settings.get());this.lastKnown===void 0&&t===void 0||JSON.stringify(this.lastKnown)!==JSON.stringify(t)&&(this.lastKnown=t,this.notifyListeners())}
    at @
[2026-02-19T08:55:59.419Z] [DEBUG] [postie]: send er I=>{this.remote=I.find(L=>L.guid==this.guid)}
    at @
[2026-02-19T08:55:59.419Z] [DEBUG] [postie]: send er async I=>{let L=I.find(C=>{var S;return C.id===((S=this._remote)==null?void 0:S.relay.storageQuotaId)});L!==void 0&&this.storageQuota!==L.quota&&(this.storageQuota!==void 0&&L.quota!==void 0&&L.quota>this.storageQuota&&(this.debug("storage quota increase",this.storageQuota,L.quota),await this.netSync()),this.debug("storage quota update",this.storageQuota,L.quota),this.storageQuota=L.quota)}
    at @
[2026-02-19T08:55:59.419Z] [DEBUG] [LiveViews][[Shared Folders]]: Refresh
    at _refreshViews@
[2026-02-19T08:55:59.419Z] [DEBUG] [postie]: send Yl ()=>{this.refresh("[Shared Folders]"),this.folderListeners.forEach((l,c)=>{this.sharedFolders.has(c)||(l(),this.folderListeners.delete(c))}),this.sharedFolders.forEach(l=>{this.folderListeners.has(l)||this.folderListeners.set(l,a(l))})}
    at @
[2026-02-19T08:55:59.419Z] [DEBUG] [postie]: send er ()=>{r(this.getGroupProgress(t))}
    at @
[2026-02-19T08:55:59.419Z] [DEBUG] [postie]: send bn ()=>this.quickRefresh()
    at @
[2026-02-19T08:55:59.419Z] [DEBUG] [postie]: send bn ()=>this.quickRefresh()
    at @
[2026-02-19T08:55:59.419Z] [DEBUG] [postie]: send er ()=>this.quickRefresh()
    at @
[2026-02-19T08:55:59.420Z] [DEBUG] [postie]: send Yl ()=>{this.sharedFolders.forEach(s=>{Py([Vo.enableDocumentStatus],()=>{this.offDocumentListeners.get(s)||this.offDocumentListeners.set(s,s.fset.on(()=>{this.refresh()}))}),s.whenReady().then(()=>{this.refresh()}),this.unsubscribes.push(s.syncSettingsManager.subscribe(i=>{this.quickRefresh()})),this.unsubscribes.push(s.subscribe(this,()=>{this.quickRefresh()})),this.unsubscribes.push(s.syncStore.subscribe(i=>{this.quickRefresh()}))}),this.refresh()}
    at @
[2026-02-19T08:55:59.420Z] [DEBUG] [postie]: send Kl i=>{this.quickRefresh()}
    at @
[2026-02-19T08:55:59.420Z] [DEBUG] [postie]: send Kl i=>{this.quickRefresh()}
    at @
[2026-02-19T08:55:59.420Z] [DEBUG] [LiveViews][[Shared Folders]]: Releasing Views []
    at _refreshViews@
[2026-02-19T08:55:59.434Z] [LOG] [Kl]: type registry change
    at deliverImmediate@
[2026-02-19T08:55:59.434Z] [LOG] [[SharedFile](Exhibitionist Priest)]: [getSyncFolder] getting syncfolder
    at @
[2026-02-19T08:55:59.434Z] [LOG] [[SyncFolder](/01 - Zettelkasten)]: created
    at getOrCreateSyncFolder@
[2026-02-19T08:55:59.434Z] [LOG] [[SharedFile](Exhibitionist Priest)]: [getDoc]: creating doc for shared ID
    at @
[2026-02-19T08:55:59.435Z] [LOG] [[SharedFile](Exhibitionist Priest)]: [getCanvas]: creating canvas for shared ID
    at @
[2026-02-19T08:55:59.436Z] [LOG] [[SharedFile](Exhibitionist Priest)]: [getSyncFolder] getting syncfolder
    at @
[2026-02-19T08:55:59.436Z] [LOG] [[SyncFolder](/01 - Zettelkasten/murky waters)]: created
    at getOrCreateSyncFolder@
[2026-02-19T08:55:59.436Z] [LOG] [[SharedFile](Exhibitionist Priest)]: [getDoc]: creating doc for shared ID
    at @
[2026-02-19T08:55:59.436Z] [LOG] [[SharedFile](Exhibitionist Priest)]: [getCanvas]: creating canvas for shared ID
    at @
[2026-02-19T08:55:59.436Z] [LOG] [[SharedFile](Exhibitionist Priest)]: [getDoc]: creating doc for shared ID
    at @
[2026-02-19T08:55:59.436Z] [LOG] [[SharedFile](Exhibitionist Priest)]: [getDoc]: creating doc for shared ID
    at @
[2026-02-19T08:55:59.436Z] [LOG] [[SharedFile](Exhibitionist Priest)]: [getCanvas]: creating canvas for shared ID
    at @
[2026-02-19T08:55:59.437Z] [LOG] [[SharedFile](Exhibitionist Priest)]: [getSyncFolder] getting syncfolder
    at @
[2026-02-19T08:55:59.437Z] [LOG] [[SyncFolder](/02 - Attachments)]: created
    at getOrCreateSyncFolder@
[2026-02-19T08:55:59.437Z] [LOG] [[SharedFile](Exhibitionist Priest)]: [getDoc]: creating doc for shared ID
    at @
[2026-02-19T08:55:59.437Z] [LOG] [[SharedFile](/02 - Attachments/goat.jpg)]: created
    at getOrCreateSyncFile@
[2026-02-19T08:55:59.437Z] [LOG] [[SharedFile](/02 - Attachments/goat.jpg)]: pull
    at pull@
[2026-02-19T08:55:59.437Z] [LOG] [[SharedFile](/02 - Attachments/49d79ffc0a69539df42e8714e7bd31e6.jpg)]: created
    at getOrCreateSyncFile@
[2026-02-19T08:55:59.437Z] [LOG] [[SharedFile](/02 - Attachments/49d79ffc0a69539df42e8714e7bd31e6.jpg)]: pull
    at pull@
[2026-02-19T08:55:59.437Z] [LOG] [[SharedFile](Exhibitionist Priest)]: [getSyncFolder] getting syncfolder
    at @
[2026-02-19T08:55:59.437Z] [LOG] [[SyncFolder](/02 - Attachments/Icons)]: created
    at getOrCreateSyncFolder@
[2026-02-19T08:55:59.437Z] [LOG] [[SharedFile](/02 - Attachments/Icons/shush.png)]: created
    at getOrCreateSyncFile@
[2026-02-19T08:55:59.437Z] [LOG] [[SharedFile](/02 - Attachments/Icons/shush.png)]: pull
    at pull@
[2026-02-19T08:55:59.437Z] [LOG] [[SharedFile](/02 - Attachments/Icons/question-mark.png)]: created
    at getOrCreateSyncFile@
[2026-02-19T08:55:59.437Z] [LOG] [[SharedFile](/02 - Attachments/Icons/question-mark.png)]: pull
    at pull@
[2026-02-19T08:55:59.437Z] [LOG] [[SharedFile](/02 - Attachments/Icons/pin.png)]: created
    at getOrCreateSyncFile@
[2026-02-19T08:55:59.437Z] [LOG] [[SharedFile](/02 - Attachments/Icons/pin.png)]: pull
    at pull@
[2026-02-19T08:55:59.437Z] [LOG] [[SharedFile](/02 - Attachments/bn8as71kufj61.jpg)]: created
    at getOrCreateSyncFile@
[2026-02-19T08:55:59.437Z] [LOG] [[SharedFile](Exhibitionist Priest)]: get syncfile missing meta
    at @
[2026-02-19T08:55:59.438Z] [LOG] [[SharedFile](/02 - Attachments/bn8as71kufj61.jpg)]: push
    at push@
[2026-02-19T08:55:59.438Z] [LOG] [[SharedFile](/02 - Attachments/bn8as71kufj61.jpg)]: skipping push -- folder is disconnected
    at push@
[2026-02-19T08:55:59.438Z] [LOG] [[SharedFile](/02 - Attachments/photo_2026-02-17_11-49-41.jpg)]: created
    at getOrCreateSyncFile@
[2026-02-19T08:55:59.438Z] [LOG] [[SharedFile](/02 - Attachments/photo_2026-02-17_11-49-41.jpg)]: pull
    at pull@
[2026-02-19T08:55:59.438Z] [LOG] [[SharedFile](/02 - Attachments/albino-bat.jpg)]: created
    at getOrCreateSyncFile@
[2026-02-19T08:55:59.438Z] [LOG] [[SharedFile](/02 - Attachments/albino-bat.jpg)]: pull
    at pull@
[2026-02-19T08:55:59.438Z] [LOG] [[SharedFile](/02 - Attachments/lamb-lying-in-meadow.jpg)]: created
    at getOrCreateSyncFile@
[2026-02-19T08:55:59.438Z] [LOG] [[SharedFile](/02 - Attachments/lamb-lying-in-meadow.jpg)]: pull
    at pull@
[2026-02-19T08:55:59.438Z] [LOG] [[SharedFile](/02 - Attachments/eat-nagabe.png)]: created
    at getOrCreateSyncFile@
[2026-02-19T08:55:59.438Z] [LOG] [[SharedFile](/02 - Attachments/eat-nagabe.png)]: pull
    at pull@
[2026-02-19T08:55:59.438Z] [LOG] [[SharedFile](/02 - Attachments/9910189_orig.webp)]: created
    at getOrCreateSyncFile@
[2026-02-19T08:55:59.438Z] [LOG] [[SharedFile](/02 - Attachments/9910189_orig.webp)]: pull
    at pull@
[2026-02-19T08:55:59.438Z] [LOG] [[SharedFile](/02 - Attachments/nice-black-timbewolf.webp)]: created
    at getOrCreateSyncFile@
[2026-02-19T08:55:59.438Z] [LOG] [[SharedFile](/02 - Attachments/nice-black-timbewolf.webp)]: pull
    at pull@
[2026-02-19T08:55:59.438Z] [LOG] [[SharedFile](/02 - Attachments/smell-nagabe.png)]: created
    at getOrCreateSyncFile@
[2026-02-19T08:55:59.438Z] [LOG] [[SharedFile](/02 - Attachments/smell-nagabe.png)]: pull
    at pull@
[2026-02-19T08:55:59.438Z] [LOG] [[SharedFile](/02 - Attachments/csm_europaeischer-wolf-tierpark-hellabrunn-europa-tierlexikon_f8f7e4b636.webp)]: created
    at getOrCreateSyncFile@
[2026-02-19T08:55:59.438Z] [LOG] [[SharedFile](/02 - Attachments/csm_europaeischer-wolf-tierpark-hellabrunn-europa-tierlexikon_f8f7e4b636.webp)]: pull
    at pull@
[2026-02-19T08:55:59.438Z] [LOG] [[SharedFile](/02 - Attachments/yin-yang.png)]: created
    at getOrCreateSyncFile@
[2026-02-19T08:55:59.438Z] [LOG] [[SharedFile](/02 - Attachments/yin-yang.png)]: pull
    at pull@
[2026-02-19T08:55:59.438Z] [LOG] [[SharedFile](/02 - Attachments/Polar_Bear_-_Alaska_(cropped).jpg)]: created
    at getOrCreateSyncFile@
[2026-02-19T08:55:59.438Z] [LOG] [[SharedFile](/02 - Attachments/Polar_Bear_-_Alaska_(cropped).jpg)]: pull
    at pull@
[2026-02-19T08:55:59.438Z] [LOG] [[SharedFile](/02 - Attachments/shutterstock_97268789 - lamb looking at camera - web size-1277x884.jpg)]: created
    at getOrCreateSyncFile@
[2026-02-19T08:55:59.438Z] [LOG] [[SharedFile](/02 - Attachments/shutterstock_97268789 - lamb looking at camera - web size-1277x884.jpg)]: pull
    at pull@
[2026-02-19T08:55:59.438Z] [LOG] [[SharedFile](/02 - Attachments/canis-lycaon_a90838e3-54fb-4eb7-a1d2-7f335003835a.jpg)]: created
    at getOrCreateSyncFile@
[2026-02-19T08:55:59.438Z] [LOG] [[SharedFile](/02 - Attachments/canis-lycaon_a90838e3-54fb-4eb7-a1d2-7f335003835a.jpg)]: pull
    at pull@
[2026-02-19T08:55:59.438Z] [LOG] [[SharedFile](/02 - Attachments/Kolmrden_Wolf.jpg)]: created
    at getOrCreateSyncFile@
[2026-02-19T08:55:59.438Z] [LOG] [[SharedFile](/02 - Attachments/Kolmrden_Wolf.jpg)]: pull
    at pull@
[2026-02-19T08:55:59.438Z] [LOG] [[SharedFile](/02 - Attachments/coyote-canis-latrans-xl.jpg)]: created
    at getOrCreateSyncFile@
[2026-02-19T08:55:59.438Z] [LOG] [[SharedFile](/02 - Attachments/coyote-canis-latrans-xl.jpg)]: pull
    at pull@
[2026-02-19T08:55:59.438Z] [LOG] [[SharedFile](Exhibitionist Priest)]: [getSyncFolder] getting syncfolder
    at @
[2026-02-19T08:55:59.438Z] [LOG] [[SyncFolder](/02 - Attachments/VN Sprites)]: created
    at getOrCreateSyncFolder@
[2026-02-19T08:55:59.438Z] [LOG] [[SharedFile](/02 - Attachments/VN Sprites/1542414679.hiddenwall_ramos.png)]: created
    at getOrCreateSyncFile@
[2026-02-19T08:55:59.438Z] [LOG] [[SharedFile](/02 - Attachments/VN Sprites/1542414679.hiddenwall_ramos.png)]: pull
    at pull@
[2026-02-19T08:55:59.438Z] [LOG] [[SharedFile](/02 - Attachments/VN Sprites/1534317655.hiddenwall_koshiro.png)]: created
    at getOrCreateSyncFile@
[2026-02-19T08:55:59.439Z] [LOG] [[SharedFile](/02 - Attachments/VN Sprites/1534317655.hiddenwall_koshiro.png)]: pull
    at pull@
[2026-02-19T08:55:59.439Z] [LOG] [[SharedFile](/02 - Attachments/VN Sprites/bafkreia7ot76wk3nuvzjevzr4iykwhzxaysbwwbtti44vb2rbp4fn2dcvm.jpg)]: created
    at getOrCreateSyncFile@
[2026-02-19T08:55:59.439Z] [LOG] [[SharedFile](/02 - Attachments/VN Sprites/bafkreia7ot76wk3nuvzjevzr4iykwhzxaysbwwbtti44vb2rbp4fn2dcvm.jpg)]: pull
    at pull@
[2026-02-19T08:55:59.439Z] [LOG] [[SharedFile](/02 - Attachments/VN Sprites/bafkreiectpkmb4bdolvzkf73bqooblvayzbgxhdnnuie7tdbby334ds2pa.jpg)]: created
    at getOrCreateSyncFile@
[2026-02-19T08:55:59.439Z] [LOG] [[SharedFile](/02 - Attachments/VN Sprites/bafkreiectpkmb4bdolvzkf73bqooblvayzbgxhdnnuie7tdbby334ds2pa.jpg)]: pull
    at pull@
[2026-02-19T08:55:59.439Z] [LOG] [[SharedFile](/02 - Attachments/VIERPFOTEN_2022_11_03.00017.jpg)]: created
    at getOrCreateSyncFile@
[2026-02-19T08:55:59.439Z] [LOG] [[SharedFile](/02 - Attachments/VIERPFOTEN_2022_11_03.00017.jpg)]: pull
    at pull@
[2026-02-19T08:55:59.439Z] [LOG] [[SharedFile](/02 - Attachments/finbpjpirbespgfpul19.jpg)]: created
    at getOrCreateSyncFile@
[2026-02-19T08:55:59.439Z] [LOG] [[SharedFile](/02 - Attachments/finbpjpirbespgfpul19.jpg)]: pull
    at pull@
[2026-02-19T08:55:59.439Z] [LOG] [[SharedFile](/02 - Attachments/81Hj1wcXL-L.png)]: created
    at getOrCreateSyncFile@
[2026-02-19T08:55:59.439Z] [LOG] [[SharedFile](/02 - Attachments/81Hj1wcXL-L.png)]: pull
    at pull@
[2026-02-19T08:55:59.439Z] [LOG] [[SharedFile](/02 - Attachments/Scarbrow-Dymond-Lake-Ecolodge-Jianguo-Xie-1k.jpg)]: created
    at getOrCreateSyncFile@
[2026-02-19T08:55:59.439Z] [LOG] [[SharedFile](Exhibitionist Priest)]: get syncfile missing meta
    at @
[2026-02-19T08:55:59.439Z] [LOG] [[SharedFile](/02 - Attachments/Scarbrow-Dymond-Lake-Ecolodge-Jianguo-Xie-1k.jpg)]: push
    at push@
[2026-02-19T08:55:59.439Z] [LOG] [[SharedFile](/02 - Attachments/Scarbrow-Dymond-Lake-Ecolodge-Jianguo-Xie-1k.jpg)]: skipping push -- folder is disconnected
    at push@
[2026-02-19T08:55:59.439Z] [LOG] [[SharedFile](/02 - Attachments/Coyote.webp)]: created
    at getOrCreateSyncFile@
[2026-02-19T08:55:59.439Z] [LOG] [[SharedFile](/02 - Attachments/Coyote.webp)]: pull
    at pull@
[2026-02-19T08:55:59.439Z] [LOG] [[SharedFile](Exhibitionist Priest)]: [getSyncFolder] getting syncfolder
    at @
[2026-02-19T08:55:59.439Z] [LOG] [[SyncFolder](/03 - Index)]: created
    at getOrCreateSyncFolder@
[2026-02-19T08:55:59.439Z] [LOG] [[SharedFile](Exhibitionist Priest)]: [getSyncFolder] getting syncfolder
    at @
[2026-02-19T08:55:59.439Z] [LOG] [[SyncFolder](/03 - Index/Characters)]: created
    at getOrCreateSyncFolder@
[2026-02-19T08:55:59.439Z] [LOG] [[SharedFile](Exhibitionist Priest)]: [getDoc]: creating doc for shared ID
    at @
[2026-02-19T08:55:59.439Z] [LOG] [[SharedFile](Exhibitionist Priest)]: [getDoc]: creating doc for shared ID
    at @
[2026-02-19T08:55:59.440Z] [LOG] [[SharedFile](Exhibitionist Priest)]: [getDoc]: creating doc for shared ID
    at @
[2026-02-19T08:55:59.440Z] [LOG] [[SharedFile](Exhibitionist Priest)]: [getDoc]: creating doc for shared ID
    at @
[2026-02-19T08:55:59.440Z] [LOG] [[SharedFile](Exhibitionist Priest)]: [getSyncFolder] getting syncfolder
    at @
[2026-02-19T08:55:59.440Z] [LOG] [[SyncFolder](/Tasks)]: created
    at getOrCreateSyncFolder@
[2026-02-19T08:55:59.440Z] [LOG] [[SharedFile](Exhibitionist Priest)]: [getSyncFolder] getting syncfolder
    at @
[2026-02-19T08:55:59.440Z] [LOG] [[SyncFolder](/04 - Tags)]: created
    at getOrCreateSyncFolder@
[2026-02-19T08:55:59.441Z] [DEBUG] [LiveViews][[Shared Folder Ready]]: Refresh
    at _refreshViews@
[2026-02-19T08:55:59.442Z] [DEBUG] [LiveViews][[Shared Folder Ready]]: Releasing Views []
    at _refreshViews@
[2026-02-19T08:55:59.443Z] [DEBUG] [postie]: send Kl i=>{this.quickRefresh()}
    at @
[2026-02-19T08:55:59.443Z] [DEBUG] [postie]: send Kl i=>{this.quickRefresh()}
    at @
[2026-02-19T08:55:59.443Z] [LOG] [Kl]: type registry change
    at deliver@
[2026-02-19T08:55:59.443Z] [DEBUG] [postie]: send Hl ()=>{this.log("type registry change"),this.notifyListeners()}
    at @
[2026-02-19T08:55:59.443Z] [DEBUG] [postie]: send Kl async()=>{await this.syncFileTree(this.syncStore)}
    at @
[2026-02-19T08:55:59.448Z] [DEBUG] [Pocketbase]: https://auth.system3.md/api/realtime {
  "method": "POST",
  "body": {
    "clientId": "LuiOvySA0pqFhBDps9WPYsCiSHcrZpUsKDDLA4hO",
    "subscriptions": [
      "relays/*?options=%7B%22query%22%3A%7B%22expand%22%3A%22relay_invitations_via_relay%2Cshared_folders_via_relay%2Cshared_folders_via_relay.creator%2Csubscriptions_via_relay%2Csubscriptions_via_relay.relay%2Csubscriptions_via_relay.relay.storage_quota%2Ccreator%22%7D%7D",
      "relay_invitations/*?options=%7B%22query%22%3A%7B%22expand%22%3A%22relay%22%7D%7D",
      "providers/*?options=%7B%22query%22%3A%7B%22expand%22%3A%22%22%7D%7D",
      "relay_roles/*?options=%7B%22query%22%3A%7B%22expand%22%3A%22user%2Crelay%22%7D%7D",
      "shared_folders/*?options=%7B%22query%22%3A%7B%22expand%22%3A%22relay%2Ccreator%22%7D%7D",
      "shared_folder_roles/*?options=%7B%22query%22%3A%7B%22expand%22%3A%22user%2Cshared_folder%22%7D%7D",
      "subscriptions/*?options=%7B%22query%22%3A%7B%22expand%22%3A%22user%2Crelay%22%7D%7D"
    ]
  },
  "query": {},
  "headers": {
    "Content-Type": "application/json",
    "Accept-Language": "en-US",
    "Authorization": "[REDACTED]"
  },
  "signal": {}
}
    at send@
[2026-02-19T08:55:59.470Z] [DEBUG] [postie]: send Kl i=>{this.quickRefresh()}
    at @
[2026-02-19T08:55:59.470Z] [DEBUG] [postie]: send Kl i=>{this.quickRefresh()}
    at @
[2026-02-19T08:55:59.517Z] [DEBUG] [[SharedFile](Exhibitionist Priest)]: [Provider State] Exhibitionist Priest {
  "status": "connected",
  "intent": "connected"
}
    at @
[2026-02-19T08:55:59.536Z] [DEBUG] [postie]: send xn ()=>{this.setText()}
    at @
[2026-02-19T08:55:59.536Z] [DEBUG] [postie]: send xn ()=>{this.setText()}
    at @
[2026-02-19T08:55:59.536Z] [DEBUG] [postie]: send xn ()=>{this.setText()}
    at @
[2026-02-19T08:55:59.536Z] [DEBUG] [postie]: send xn ()=>{this.setText()}
    at @
[2026-02-19T08:55:59.536Z] [DEBUG] [postie]: send xn ()=>{this.setText()}
    at @
[2026-02-19T08:55:59.536Z] [DEBUG] [postie]: send xn ()=>{this.setText()}
    at @
[2026-02-19T08:55:59.536Z] [DEBUG] [postie]: send xn ()=>{this.setText()}
    at @
[2026-02-19T08:55:59.536Z] [DEBUG] [postie]: send xn ()=>{this.setText()}
    at @
[2026-02-19T08:55:59.536Z] [DEBUG] [postie]: send xn ()=>{this.setText()}
    at @
[2026-02-19T08:55:59.536Z] [DEBUG] [postie]: send xn ()=>{this.setText()}
    at @
[2026-02-19T08:55:59.536Z] [DEBUG] [postie]: send xn ()=>{this.setText()}
    at @
[2026-02-19T08:55:59.536Z] [DEBUG] [postie]: send xn ()=>{this.setText()}
    at @
[2026-02-19T08:55:59.536Z] [DEBUG] [postie]: send xn ()=>{this.setText()}
    at @
[2026-02-19T08:55:59.536Z] [DEBUG] [postie]: send xn ()=>{this.setText()}
    at @
[2026-02-19T08:55:59.536Z] [DEBUG] [postie]: send xn ()=>{this.setText()}
    at @
[2026-02-19T08:55:59.536Z] [DEBUG] [postie]: send xn ()=>{this.setText()}
    at @
[2026-02-19T08:55:59.536Z] [DEBUG] [postie]: send xn ()=>{this.setText()}
    at @
[2026-02-19T08:55:59.536Z] [DEBUG] [postie]: send xn ()=>{this.setText()}
    at @
[2026-02-19T08:55:59.536Z] [DEBUG] [postie]: send xn ()=>{this.setText()}
    at @
[2026-02-19T08:55:59.536Z] [DEBUG] [postie]: send xn ()=>{this.setText()}
    at @
[2026-02-19T08:55:59.536Z] [DEBUG] [postie]: send xn ()=>{this.setText()}
    at @
[2026-02-19T08:55:59.536Z] [DEBUG] [postie]: send xn ()=>{this.setText()}
    at @
[2026-02-19T08:55:59.536Z] [DEBUG] [postie]: send xn ()=>{this.setText()}
    at @
[2026-02-19T08:55:59.536Z] [DEBUG] [postie]: send xn ()=>{this.setText()}
    at @
[2026-02-19T08:55:59.536Z] [DEBUG] [postie]: send xn ()=>{this.setText()}
    at @
[2026-02-19T08:55:59.536Z] [DEBUG] [postie]: send xn ()=>{this.setText()}
    at @
[2026-02-19T08:55:59.536Z] [DEBUG] [postie]: send xn ()=>{this.setText()}
    at @
[2026-02-19T08:55:59.536Z] [DEBUG] [postie]: send xn ()=>{this.setText()}
    at @
[2026-02-19T08:55:59.536Z] [DEBUG] [postie]: send xn ()=>{this.setText()}
    at @
[2026-02-19T08:55:59.536Z] [DEBUG] [LiveViews][[Docset]]: Refresh
    at _refreshViews@
[2026-02-19T08:55:59.536Z] [DEBUG] [postie]: send Md ()=>{this.refresh("[Docset]")}
    at @
[2026-02-19T08:55:59.536Z] [DEBUG] [LiveViews][[Docset]]: Releasing Views []
    at _refreshViews@
[2026-02-19T08:55:59.557Z] [DEBUG] [postie]: send er async I=>{let L=I.find(C=>{var S;return C.id===((S=this._remote)==null?void 0:S.relay.storageQuotaId)});L!==void 0&&this.storageQuota!==L.quota&&(this.storageQuota!==void 0&&L.quota!==void 0&&L.quota>this.storageQuota&&(this.debug("storage quota increase",this.storageQuota,L.quota),await this.netSync()),this.debug("storage quota update",this.storageQuota,L.quota),this.storageQuota=L.quota)}
    at @
[2026-02-19T08:55:59.599Z] [DEBUG] [postie]: send er async I=>{let L=I.find(C=>{var S;return C.id===((S=this._remote)==null?void 0:S.relay.storageQuotaId)});L!==void 0&&this.storageQuota!==L.quota&&(this.storageQuota!==void 0&&L.quota!==void 0&&L.quota>this.storageQuota&&(this.debug("storage quota increase",this.storageQuota,L.quota),await this.netSync()),this.debug("storage quota update",this.storageQuota,L.quota),this.storageQuota=L.quota)}
    at @
[2026-02-19T08:55:59.630Z] [DEBUG] [Pocketbase]: https://auth.system3.md/api/realtime {
  "method": "POST",
  "body": {
    "clientId": "LuiOvySA0pqFhBDps9WPYsCiSHcrZpUsKDDLA4hO",
    "subscriptions": [
      "relays/*?options=%7B%22query%22%3A%7B%22expand%22%3A%22relay_invitations_via_relay%2Cshared_folders_via_relay%2Cshared_folders_via_relay.creator%2Csubscriptions_via_relay%2Csubscriptions_via_relay.relay%2Csubscriptions_via_relay.relay.storage_quota%2Ccreator%22%7D%7D",
      "relay_invitations/*?options=%7B%22query%22%3A%7B%22expand%22%3A%22relay%22%7D%7D",
      "providers/*?options=%7B%22query%22%3A%7B%22expand%22%3A%22%22%7D%7D",
      "relay_roles/*?options=%7B%22query%22%3A%7B%22expand%22%3A%22user%2Crelay%22%7D%7D",
      "shared_folders/*?options=%7B%22query%22%3A%7B%22expand%22%3A%22relay%2Ccreator%22%7D%7D",
      "shared_folder_roles/*?options=%7B%22query%22%3A%7B%22expand%22%3A%22user%2Cshared_folder%22%7D%7D",
      "subscriptions/*?options=%7B%22query%22%3A%7B%22expand%22%3A%22user%2Crelay%22%7D%7D",
      "storage_quotas/6jser4wq1crcym5?options=%7B%22query%22%3A%7B%22expand%22%3A%22%22%7D%7D"
    ]
  },
  "query": {},
  "headers": {
    "Content-Type": "application/json",
    "Accept-Language": "en-US",
    "Authorization": "[REDACTED]"
  },
  "signal": {}
}
    at send@
[2026-02-19T08:55:59.746Z] [DEBUG] [su]: Fetching latest release from: https://api.github.com/repos/No-Instructions/Relay/releases/latest
    at fetchLatestRelease@
[2026-02-19T08:55:59.997Z] [DEBUG] [su]: Fetching https://raw.githubusercontent.com/No-Instructions/Relay/main/manifest.json
    at fetchRepoManifest@
[2026-02-19T08:56:00.002Z] [DEBUG] [postie]: send su ()=>{let l=this.updateManager.getNewRelease();l?(this.removeCommand("update-plugin"),this.addCommand({id:"update-plugin",name:`Update Plugin (${this.version} \u2192 ${l.tag_name})`,callback:async()=>{await this.updateManager.installUpdate(l)}}),this.log(`Update available: v${this.version} \u2192 ${l.tag_name}`)):this.removeCommand("update-plugin")}
    at @
[2026-02-19T08:56:00.192Z] [DEBUG] [[SharedFile](Exhibitionist Priest)]: [Provider State] Exhibitionist Priest {
  "status": "connected",
  "intent": "connected"
}
    at remote@
[2026-02-19T08:56:00.194Z] [DEBUG] [postie]: send er i=>{let a=!1;this.items().forEach(l=>{let c=i.find(u=>u.guid==l.guid);l.remote!=c&&(a=!0),l.remote=c}),a&&this.update()}
    at @
[2026-02-19T08:56:00.194Z] [DEBUG] [postie]: send er I=>{this.remote=I.find(L=>L.guid==this.guid)}
    at @
[2026-02-19T08:56:00.194Z] [DEBUG] [postie]: send Sd o=>{o.guid===this.relayId&&(this.server=o.providerId)}
    at @
[2026-02-19T08:56:00.215Z] [DEBUG] [postie]: send er i=>{let a=!1;this.items().forEach(l=>{let c=i.find(u=>u.guid==l.guid);l.remote!=c&&(a=!0),l.remote=c}),a&&this.update()}
    at @
[2026-02-19T08:56:00.215Z] [DEBUG] [postie]: send er I=>{this.remote=I.find(L=>L.guid==this.guid)}
    at @
[2026-02-19T08:56:00.215Z] [DEBUG] [postie]: send Sd o=>{o.guid===this.relayId&&(this.server=o.providerId)}
    at @
[2026-02-19T08:56:00.300Z] [DEBUG] [LiveViews][[Shared Folders]]: Refresh
    at _refreshViews@
[2026-02-19T08:56:00.300Z] [DEBUG] [postie]: send Yl ()=>{this.refresh("[Shared Folders]"),this.folderListeners.forEach((l,c)=>{this.sharedFolders.has(c)||(l(),this.folderListeners.delete(c))}),this.sharedFolders.forEach(l=>{this.folderListeners.has(l)||this.folderListeners.set(l,a(l))})}
    at @
[2026-02-19T08:56:00.304Z] [DEBUG] [postie]: send Yl ()=>{this.sharedFolders.forEach(s=>{Py([Vo.enableDocumentStatus],()=>{this.offDocumentListeners.get(s)||this.offDocumentListeners.set(s,s.fset.on(()=>{this.refresh()}))}),s.whenReady().then(()=>{this.refresh()}),this.unsubscribes.push(s.syncSettingsManager.subscribe(i=>{this.quickRefresh()})),this.unsubscribes.push(s.subscribe(this,()=>{this.quickRefresh()})),this.unsubscribes.push(s.syncStore.subscribe(i=>{this.quickRefresh()}))}),this.refresh()}
    at @
[2026-02-19T08:56:00.305Z] [DEBUG] [postie]: send Kl i=>{this.quickRefresh()}
    at @
[2026-02-19T08:56:00.306Z] [DEBUG] [LiveViews][[Shared Folders]]: Releasing Views []
    at _refreshViews@
[2026-02-19T08:56:01.316Z] [LOG] [n]: applying server flags {
  "enableEditorTweens": false,
  "enableSyncMenu": true,
  "enableAttachmentSync": true,
  "enableDocumentServer": true,
  "enableMicrosoftLogin": true,
  "enableGitHubLogin": true,
  "enableOIDCLogin": true
}
    at applyServerFlags@
